build/app/intermediates/manifest_merge_blame_file/release/manifest-merger-blame-release-report.txt
1<?xml version="1.0" encoding="utf-8"?>
2<manifest xmlns:android="http://schemas.android.com/apk/res/android"
3    package="com.example.foodreviewapp"
4    android:versionCode="4001"
5    android:versionName="1.0.0" >
6
7    <uses-sdk
8        android:minSdkVersion="19"
8-->src\main\AndroidManifest.xml
9        android:targetSdkVersion="33" />
9-->src\main\AndroidManifest.xml
10
11    <uses-permission android:name="android.permission.MANAGE_EXTERNAL_STORAGE" />
11-->src\main\AndroidManifest.xml:2:5-82
11-->src\main\AndroidManifest.xml:2:22-79
12    <uses-permission android:name="android.permission.READ_EXTERNAL_STORAGE" />
12-->src\main\AndroidManifest.xml:3:5-79
12-->src\main\AndroidManifest.xml:3:22-77
13    <uses-permission android:name="android.permission.WRITE_EXTERNAL_STORAGE" />
13-->src\main\AndroidManifest.xml:4:5-80
13-->src\main\AndroidManifest.xml:4:22-78
14    <uses-permission android:name="android.permission.RECEIVE_BOOT_COMPLETED" />
14-->src\main\AndroidManifest.xml:5:5-80
14-->src\main\AndroidManifest.xml:5:22-78
15    <uses-permission android:name="android.permission.WAKE_LOCK" />
15-->src\main\AndroidManifest.xml:6:5-67
15-->src\main\AndroidManifest.xml:6:22-65
16    <!-- For apps with targetSDK=31 (Android 12) -->
17    <uses-permission android:name="android.permission.SCHEDULE_EXACT_ALARM" />
17-->src\main\AndroidManifest.xml:8:5-78
17-->src\main\AndroidManifest.xml:8:22-76
18
19    <queries>
19-->[:file_picker] AndroidManifest.xml:11:5-17:15
20        <intent>
20-->[:file_picker] AndroidManifest.xml:12:9-16:18
21            <action android:name="android.intent.action.GET_CONTENT" />
21-->[:file_picker] AndroidManifest.xml:13:13-72
21-->[:file_picker] AndroidManifest.xml:13:21-69
22
23            <data android:mimeType="*/*" />
23-->[:file_picker] AndroidManifest.xml:15:13-44
23-->[:file_picker] AndroidManifest.xml:15:19-41
24        </intent>
25    </queries>
26
27    <uses-permission android:name="android.permission.VIBRATE" />
27-->[:flutter_local_notifications] AndroidManifest.xml:10:5-66
27-->[:flutter_local_notifications] AndroidManifest.xml:10:22-63
28    <uses-permission android:name="android.permission.USE_FULL_SCREEN_INTENT" />
28-->[:flutter_local_notifications] AndroidManifest.xml:11:5-81
28-->[:flutter_local_notifications] AndroidManifest.xml:11:22-78
29    <uses-permission android:name="android.permission.POST_NOTIFICATIONS" />
29-->[:flutter_local_notifications] AndroidManifest.xml:13:5-77
29-->[:flutter_local_notifications] AndroidManifest.xml:13:22-74
30
31    <permission
31-->[androidx.core:core:1.10.1] AndroidManifest.xml:22:5-24:47
32        android:name="com.example.foodreviewapp.DYNAMIC_RECEIVER_NOT_EXPORTED_PERMISSION"
32-->[androidx.core:core:1.10.1] AndroidManifest.xml:23:9-81
33        android:protectionLevel="signature" />
33-->[androidx.core:core:1.10.1] AndroidManifest.xml:24:9-44
34
35    <uses-permission android:name="com.example.foodreviewapp.DYNAMIC_RECEIVER_NOT_EXPORTED_PERMISSION" />
35-->[androidx.core:core:1.10.1] AndroidManifest.xml:26:5-97
35-->[androidx.core:core:1.10.1] AndroidManifest.xml:26:22-94
36
37    <application
38        android:name="android.app.Application"
38-->src\main\AndroidManifest.xml:12:9-42
39        android:appComponentFactory="androidx.core.app.CoreComponentFactory"
39-->[androidx.core:core:1.10.1] AndroidManifest.xml:28:18-86
40        android:icon="@mipmap/ic_launcher"
40-->src\main\AndroidManifest.xml:13:9-43
41        android:label="Tabemashou"
41-->src\main\AndroidManifest.xml:11:9-35
42        android:requestLegacyExternalStorage="true" >
42-->src\main\AndroidManifest.xml:10:9-52
43        <meta-data
43-->src\main\AndroidManifest.xml:14:9-16:55
44            android:name="com.google.firebase.messaging.default_notification_icon"
44-->src\main\AndroidManifest.xml:15:11-81
45            android:resource="@drawable/ic_stat_logo" />
45-->src\main\AndroidManifest.xml:16:11-52
46        <meta-data
46-->src\main\AndroidManifest.xml:17:9-19:53
47            android:name="com.google.firebase.messaging.default_notification_color"
47-->src\main\AndroidManifest.xml:18:11-82
48            android:resource="@android:color/black" />
48-->src\main\AndroidManifest.xml:19:11-50
49
50        <service
50-->src\main\AndroidManifest.xml:20:9-23:39
51            android:name="dev.fluttercommunity.plus.androidalarmmanager.AlarmService"
51-->src\main\AndroidManifest.xml:21:13-86
52            android:exported="false"
52-->src\main\AndroidManifest.xml:23:13-37
53            android:permission="android.permission.BIND_JOB_SERVICE" />
53-->src\main\AndroidManifest.xml:22:13-69
54
55        <receiver
55-->src\main\AndroidManifest.xml:24:9-26:39
56            android:name="dev.fluttercommunity.plus.androidalarmmanager.AlarmBroadcastReceiver"
56-->src\main\AndroidManifest.xml:25:13-96
57            android:exported="false" />
57-->src\main\AndroidManifest.xml:26:13-37
58        <receiver
58-->src\main\AndroidManifest.xml:27:9-34:20
59            android:name="dev.fluttercommunity.plus.androidalarmmanager.RebootBroadcastReceiver"
59-->src\main\AndroidManifest.xml:28:13-97
60            android:enabled="false"
60-->src\main\AndroidManifest.xml:29:13-36
61            android:exported="false" >
61-->src\main\AndroidManifest.xml:30:13-37
62            <intent-filter>
62-->src\main\AndroidManifest.xml:31:13-33:29
63                <action android:name="android.intent.action.BOOT_COMPLETED" />
63-->src\main\AndroidManifest.xml:32:17-79
63-->src\main\AndroidManifest.xml:32:25-76
64            </intent-filter>
65        </receiver>
66
67        <activity
67-->src\main\AndroidManifest.xml:35:9-55:20
68            android:name="com.example.foodreviewapp.MainActivity"
68-->src\main\AndroidManifest.xml:36:13-41
69            android:configChanges="orientation|keyboardHidden|keyboard|screenSize|smallestScreenSize|locale|layoutDirection|fontScale|screenLayout|density|uiMode"
69-->src\main\AndroidManifest.xml:40:13-163
70            android:exported="true"
70-->src\main\AndroidManifest.xml:37:13-36
71            android:hardwareAccelerated="true"
71-->src\main\AndroidManifest.xml:41:13-47
72            android:launchMode="singleTop"
72-->src\main\AndroidManifest.xml:38:13-43
73            android:theme="@style/LaunchTheme"
73-->src\main\AndroidManifest.xml:39:13-47
74            android:windowSoftInputMode="adjustResize" >
74-->src\main\AndroidManifest.xml:42:13-55
75
76            <!--
77                 Specifies an Android theme to apply to this Activity as soon as
78                 the Android process has started. This theme is visible to the user
79                 while the Flutter UI initializes. After that, this theme continues
80                 to determine the Window background behind the Flutter UI.
81            -->
82            <meta-data
82-->src\main\AndroidManifest.xml:47:13-50:17
83                android:name="io.flutter.embedding.android.NormalTheme"
83-->src\main\AndroidManifest.xml:48:15-70
84                android:resource="@style/NormalTheme" />
84-->src\main\AndroidManifest.xml:49:15-52
85
86            <intent-filter>
86-->src\main\AndroidManifest.xml:51:13-54:29
87                <action android:name="android.intent.action.MAIN" />
87-->src\main\AndroidManifest.xml:52:17-68
87-->src\main\AndroidManifest.xml:52:25-66
88
89                <category android:name="android.intent.category.LAUNCHER" />
89-->src\main\AndroidManifest.xml:53:17-76
89-->src\main\AndroidManifest.xml:53:27-74
90            </intent-filter>
91        </activity>
92        <!--
93             Don't delete the meta-data below.
94             This is used by the Flutter tool to generate GeneratedPluginRegistrant.java
95        -->
96        <meta-data
96-->src\main\AndroidManifest.xml:58:9-60:33
97            android:name="flutterEmbedding"
97-->src\main\AndroidManifest.xml:59:13-44
98            android:value="2" />
98-->src\main\AndroidManifest.xml:60:13-30
99
100        <provider
100-->[:image_picker_android] AndroidManifest.xml:10:9-18:20
101            android:name="io.flutter.plugins.imagepicker.ImagePickerFileProvider"
101-->[:image_picker_android] AndroidManifest.xml:11:13-82
102            android:authorities="com.example.foodreviewapp.flutter.image_provider"
102-->[:image_picker_android] AndroidManifest.xml:12:13-74
103            android:exported="false"
103-->[:image_picker_android] AndroidManifest.xml:13:13-37
104            android:grantUriPermissions="true" >
104-->[:image_picker_android] AndroidManifest.xml:14:13-47
105            <meta-data
105-->[:image_picker_android] AndroidManifest.xml:15:13-17:75
106                android:name="android.support.FILE_PROVIDER_PATHS"
106-->[:image_picker_android] AndroidManifest.xml:16:17-67
107                android:resource="@xml/flutter_image_picker_file_paths" />
107-->[:image_picker_android] AndroidManifest.xml:17:17-72
108        </provider>
109
110        <receiver
110-->[:flutter_local_notifications] AndroidManifest.xml:16:9-18:40
111            android:name="com.dexterous.flutterlocalnotifications.ActionBroadcastReceiver"
111-->[:flutter_local_notifications] AndroidManifest.xml:17:13-91
112            android:exported="false" />
112-->[:flutter_local_notifications] AndroidManifest.xml:18:13-37
113        <receiver
113-->[:flutter_local_notifications] AndroidManifest.xml:19:9-21:40
114            android:name="com.dexterous.flutterlocalnotifications.ScheduledNotificationReceiver"
114-->[:flutter_local_notifications] AndroidManifest.xml:20:13-97
115            android:exported="false" />
115-->[:flutter_local_notifications] AndroidManifest.xml:21:13-37
116        <receiver
116-->[:flutter_local_notifications] AndroidManifest.xml:22:9-31:20
117            android:name="com.dexterous.flutterlocalnotifications.ScheduledNotificationBootReceiver"
117-->[:flutter_local_notifications] AndroidManifest.xml:23:13-101
118            android:exported="false" >
118-->[:flutter_local_notifications] AndroidManifest.xml:24:13-37
119            <intent-filter>
119-->[:flutter_local_notifications] AndroidManifest.xml:25:13-30:29
120                <action android:name="android.intent.action.BOOT_COMPLETED" />
120-->src\main\AndroidManifest.xml:32:17-79
120-->src\main\AndroidManifest.xml:32:25-76
121                <action android:name="android.intent.action.MY_PACKAGE_REPLACED" />
121-->[:flutter_local_notifications] AndroidManifest.xml:27:17-84
121-->[:flutter_local_notifications] AndroidManifest.xml:27:25-81
122                <action android:name="android.intent.action.QUICKBOOT_POWERON" />
122-->[:flutter_local_notifications] AndroidManifest.xml:28:17-82
122-->[:flutter_local_notifications] AndroidManifest.xml:28:25-79
123                <action android:name="com.htc.intent.action.QUICKBOOT_POWERON" />
123-->[:flutter_local_notifications] AndroidManifest.xml:29:17-82
123-->[:flutter_local_notifications] AndroidManifest.xml:29:25-79
124            </intent-filter>
125        </receiver>
126
127        <activity
127-->[:url_launcher_android] AndroidManifest.xml:10:9-13:74
128            android:name="io.flutter.plugins.urllauncher.WebViewActivity"
128-->[:url_launcher_android] AndroidManifest.xml:11:13-74
129            android:exported="false"
129-->[:url_launcher_android] AndroidManifest.xml:12:13-37
130            android:theme="@android:style/Theme.NoTitleBar.Fullscreen" />
130-->[:url_launcher_android] AndroidManifest.xml:13:13-71
131
132        <uses-library
132-->[androidx.window:window:1.0.0-beta04] AndroidManifest.xml:25:9-27:40
133            android:name="androidx.window.extensions"
133-->[androidx.window:window:1.0.0-beta04] AndroidManifest.xml:26:13-54
134            android:required="false" />
134-->[androidx.window:window:1.0.0-beta04] AndroidManifest.xml:27:13-37
135        <uses-library
135-->[androidx.window:window:1.0.0-beta04] AndroidManifest.xml:28:9-30:40
136            android:name="androidx.window.sidecar"
136-->[androidx.window:window:1.0.0-beta04] AndroidManifest.xml:29:13-51
137            android:required="false" />
137-->[androidx.window:window:1.0.0-beta04] AndroidManifest.xml:30:13-37
138
139        <provider
139-->[androidx.profileinstaller:profileinstaller:1.3.0] AndroidManifest.xml:24:9-32:20
140            android:name="androidx.startup.InitializationProvider"
140-->[androidx.profileinstaller:profileinstaller:1.3.0] AndroidManifest.xml:25:13-67
141            android:authorities="com.example.foodreviewapp.androidx-startup"
141-->[androidx.profileinstaller:profileinstaller:1.3.0] AndroidManifest.xml:26:13-68
142            android:exported="false" >
142-->[androidx.profileinstaller:profileinstaller:1.3.0] AndroidManifest.xml:27:13-37
143            <meta-data
143-->[androidx.profileinstaller:profileinstaller:1.3.0] AndroidManifest.xml:29:13-31:52
144                android:name="androidx.profileinstaller.ProfileInstallerInitializer"
144-->[androidx.profileinstaller:profileinstaller:1.3.0] AndroidManifest.xml:30:17-85
145                android:value="androidx.startup" />
145-->[androidx.profileinstaller:profileinstaller:1.3.0] AndroidManifest.xml:31:17-49
146        </provider>
147
148        <receiver
148-->[androidx.profileinstaller:profileinstaller:1.3.0] AndroidManifest.xml:34:9-52:20
149            android:name="androidx.profileinstaller.ProfileInstallReceiver"
149-->[androidx.profileinstaller:profileinstaller:1.3.0] AndroidManifest.xml:35:13-76
150            android:directBootAware="false"
150-->[androidx.profileinstaller:profileinstaller:1.3.0] AndroidManifest.xml:36:13-44
151            android:enabled="true"
151-->[androidx.profileinstaller:profileinstaller:1.3.0] AndroidManifest.xml:37:13-35
152            android:exported="true"
152-->[androidx.profileinstaller:profileinstaller:1.3.0] AndroidManifest.xml:38:13-36
153            android:permission="android.permission.DUMP" >
153-->[androidx.profileinstaller:profileinstaller:1.3.0] AndroidManifest.xml:39:13-57
154            <intent-filter>
154-->[androidx.profileinstaller:profileinstaller:1.3.0] AndroidManifest.xml:40:13-42:29
155                <action android:name="androidx.profileinstaller.action.INSTALL_PROFILE" />
155-->[androidx.profileinstaller:profileinstaller:1.3.0] AndroidManifest.xml:41:17-91
155-->[androidx.profileinstaller:profileinstaller:1.3.0] AndroidManifest.xml:41:25-88
156            </intent-filter>
157            <intent-filter>
157-->[androidx.profileinstaller:profileinstaller:1.3.0] AndroidManifest.xml:43:13-45:29
158                <action android:name="androidx.profileinstaller.action.SKIP_FILE" />
158-->[androidx.profileinstaller:profileinstaller:1.3.0] AndroidManifest.xml:44:17-85
158-->[androidx.profileinstaller:profileinstaller:1.3.0] AndroidManifest.xml:44:25-82
159            </intent-filter>
160            <intent-filter>
160-->[androidx.profileinstaller:profileinstaller:1.3.0] AndroidManifest.xml:46:13-48:29
161                <action android:name="androidx.profileinstaller.action.SAVE_PROFILE" />
161-->[androidx.profileinstaller:profileinstaller:1.3.0] AndroidManifest.xml:47:17-88
161-->[androidx.profileinstaller:profileinstaller:1.3.0] AndroidManifest.xml:47:25-85
162            </intent-filter>
163            <intent-filter>
163-->[androidx.profileinstaller:profileinstaller:1.3.0] AndroidManifest.xml:49:13-51:29
164                <action android:name="androidx.profileinstaller.action.BENCHMARK_OPERATION" />
164-->[androidx.profileinstaller:profileinstaller:1.3.0] AndroidManifest.xml:50:17-95
164-->[androidx.profileinstaller:profileinstaller:1.3.0] AndroidManifest.xml:50:25-92
165            </intent-filter>
166        </receiver>
167    </application>
168
169</manifest>